#
# There is insufficient memory for the Java Runtime Environment to continue.
# Native memory allocation (malloc) failed to allocate 32784 bytes for Chunk::new
# Possible reasons:
#   The system is out of physical RAM or swap space
#   The process is running with CompressedOops enabled, and the Java Heap may be blocking the growth of the native heap
# Possible solutions:
#   Reduce memory load on the system
#   Increase physical memory or swap space
#   Check if swap backing store is full
#   Decrease Java heap size (-Xmx/-Xms)
#   Decrease number of Java threads
#   Decrease Java thread stack sizes (-Xss)
#   Set larger code cache with -XX:ReservedCodeCacheSize=
#   JVM is running with Unscaled Compressed Oops mode in which the Java heap is
#     placed in the first 4GB address space. The Java Heap base address is the
#     maximum limit for the native heap growth. Please use -XX:HeapBaseMinAddress
#     to set the Java Heap base and to place the Java Heap above 4GB virtual address.
# This output file may be truncated or incomplete.
#
#  Out of Memory Error (allocation.cpp:389), pid=10204, tid=0x00000000000039f8
#
# JRE version: OpenJDK Runtime Environment (8.0_212-b04) (build 1.8.0_212-release-1586-b04)
# Java VM: OpenJDK 64-Bit Server VM (25.212-b04 mixed mode windows-amd64 compressed oops)
# Failed to write core dump. Minidumps are not enabled by default on client versions of Windows
#

---------------  T H R E A D  ---------------

Current thread (0x0000000015d84800):  JavaThread "C2 CompilerThread1" daemon [_thread_in_native, id=14840, stack(0x00000000174f0000,0x00000000175f0000)]

Stack: [0x00000000174f0000,0x00000000175f0000]
[error occurred during error reporting (printing stack bounds), id 0xc0000005]

Native frames: (J=compiled Java code, j=interpreted, Vv=VM code, C=native code)


Current CompileTask:
C2:4591727 32698       4       com.android.tools.r8.u.b.M0::a (345 bytes)


---------------  P R O C E S S  ---------------

Java Threads: ( => current thread )
  0x000000001d891000 JavaThread "Cache worker for Java compile cache (C:\Users\pccom\Desktop\Proyecto\Eduincu\.gradle\5.6.4\javaCompile)" [_thread_blocked, id=7424, stack(0x0000000033bb0000,0x0000000033cb0000)]
  0x000000001d888000 JavaThread "WorkerExecutor Queue Thread 5" [_thread_blocked, id=10600, stack(0x0000000034df0000,0x0000000034ef0000)]
  0x000000001d88b800 JavaThread "stdout" [_thread_in_native, id=11104, stack(0x00000000348c0000,0x00000000349c0000)]
  0x000000001d88e800 JavaThread "stderr" [_thread_in_native, id=8792, stack(0x00000000349f0000,0x0000000034af0000)]
  0x000000001d88a000 JavaThread "WorkerExecutor Queue Thread 4" [_thread_blocked, id=1524, stack(0x00000000347c0000,0x00000000348c0000)]
  0x000000001d88b000 JavaThread "WorkerExecutor Queue Thread 3" [_thread_blocked, id=2392, stack(0x00000000346c0000,0x00000000347c0000)]
  0x0000000018c17800 JavaThread "WorkerExecutor Queue Thread 2" [_thread_in_vm, id=7648, stack(0x00000000345c0000,0x00000000346c0000)]
  0x0000000018c16000 JavaThread "stdout" [_thread_in_native, id=10488, stack(0x00000000344c0000,0x00000000345c0000)]
  0x0000000018c15000 JavaThread "stderr" [_thread_in_native, id=10724, stack(0x00000000343c0000,0x00000000344c0000)]
  0x0000000018c18000 JavaThread "stdout" [_thread_in_native, id=6524, stack(0x00000000340b0000,0x00000000341b0000)]
  0x0000000018c14800 JavaThread "stderr" [_thread_in_native, id=10052, stack(0x0000000033fb0000,0x00000000340b0000)]
  0x0000000018c13800 JavaThread "stdout" [_thread_in_native, id=13640, stack(0x0000000033eb0000,0x0000000033fb0000)]
  0x0000000018c16800 JavaThread "stderr" [_thread_in_native, id=10576, stack(0x0000000033db0000,0x0000000033eb0000)]
  0x0000000018c0c000 JavaThread "pool-53-thread-1" [_thread_blocked, id=5712, stack(0x0000000033cb0000,0x0000000033db0000)]
  0x0000000018c12000 JavaThread "Cache worker for execution history cache (C:\Users\pccom\Desktop\Proyecto\Eduincu\.gradle\5.6.4\executionHistory)" [_thread_blocked, id=7024, stack(0x0000000033ab0000,0x0000000033bb0000)]
  0x0000000018c0a800 JavaThread "Execution worker for ':' Thread 3" [_thread_blocked, id=9240, stack(0x00000000339b0000,0x0000000033ab0000)]
  0x0000000018c0d800 JavaThread "Execution worker for ':' Thread 2" [_thread_in_Java, id=3940, stack(0x00000000335c0000,0x00000000336c0000)]
  0x000000001d1dc800 JavaThread "Execution worker for ':'" [_thread_in_native, id=13280, stack(0x0000000027490000,0x0000000027590000)]
  0x000000001d1da800 JavaThread "Cache worker for file content cache (C:\Users\pccom\Desktop\Proyecto\Eduincu\.gradle\5.6.4\fileContent)" [_thread_blocked, id=11400, stack(0x0000000025220000,0x0000000025320000)]
  0x000000001d1d9000 JavaThread "Cache worker for Build Output Cleanup Cache (C:\Users\pccom\Desktop\Proyecto\Eduincu\.gradle\buildOutputCleanup)" [_thread_blocked, id=5048, stack(0x0000000024e80000,0x0000000024f80000)]
  0x000000001d1d8000 JavaThread "Build operations Thread 4" [_thread_blocked, id=13608, stack(0x0000000024780000,0x0000000024880000)]
  0x000000001d1d5000 JavaThread "Build operations Thread 3" [_thread_blocked, id=11728, stack(0x0000000023e80000,0x0000000023f80000)]
  0x000000001d1d9800 JavaThread "Build operations Thread 2" [_thread_blocked, id=2180, stack(0x0000000023600000,0x0000000023700000)]
  0x000000001d1d7800 JavaThread "Build operations" [_thread_blocked, id=10160, stack(0x0000000023300000,0x0000000023400000)]
  0x000000001d1d6000 JavaThread "Cache worker for cache directory md-rule (C:\Users\pccom\.gradle\caches\5.6.4\md-rule)" [_thread_blocked, id=4372, stack(0x0000000022910000,0x0000000022a10000)]
  0x000000001d1d3000 JavaThread "Cache worker for cache directory md-supplier (C:\Users\pccom\.gradle\caches\5.6.4\md-supplier)" [_thread_blocked, id=11220, stack(0x0000000022020000,0x0000000022120000)]
  0x000000001d1d0000 JavaThread "Cache worker for file hash cache (C:\Users\pccom\Desktop\Proyecto\Eduincu\.gradle\5.6.4\fileHashes)" [_thread_blocked, id=5368, stack(0x000000001e1e0000,0x000000001e2e0000)]
  0x000000001d1d1800 JavaThread "Thread-258" [_thread_blocked, id=5300, stack(0x000000001e0e0000,0x000000001e1e0000)]
  0x000000001d1d3800 JavaThread "Stdin handler" [_thread_blocked, id=7444, stack(0x000000001b640000,0x000000001b740000)]
  0x000000001d1d6800 JavaThread "Asynchronous log dispatcher for DefaultDaemonConnection: socket connection from /127.0.0.1:57389 to /127.0.0.1:58565" [_thread_blocked, id=7480, stack(0x000000001b340000,0x000000001b440000)]
  0x000000001d1cf000 JavaThread "Cancel handler" [_thread_blocked, id=10176, stack(0x000000001af40000,0x000000001b040000)]
  0x000000001d1d4800 JavaThread "Handler for socket connection from /127.0.0.1:57389 to /127.0.0.1:58565" [_thread_in_native, id=13600, stack(0x000000001ae40000,0x000000001af40000)]
  0x000000001d1d0800 JavaThread "Daemon worker Thread 8" [_thread_in_Java, id=5616, stack(0x000000001b240000,0x000000001b340000)]
  0x000000001d1d2000 JavaThread "Daemon Thread 8" [_thread_blocked, id=12168, stack(0x00000000005f0000,0x00000000006f0000)]
  0x0000000019a6b800 JavaThread "Cache worker for Java compile cache (C:\Users\pccom\.gradle\caches\5.6.4\javaCompile)" [_thread_blocked, id=9464, stack(0x0000000023d80000,0x0000000023e80000)]
  0x0000000019a71800 JavaThread "Cache worker for file content cache (C:\Users\pccom\.gradle\caches\5.6.4\fileContent)" [_thread_blocked, id=11524, stack(0x0000000022180000,0x0000000022280000)]
  0x0000000019a70800 JavaThread "Memory manager" [_thread_blocked, id=976, stack(0x0000000021f20000,0x0000000022020000)]
  0x0000000019a6a000 JavaThread "Cache worker for execution history cache (C:\Users\pccom\.gradle\caches\5.6.4\executionHistory)" [_thread_blocked, id=1000, stack(0x000000001ff80000,0x0000000020080000)]
  0x0000000018448800 JavaThread "Cache worker for journal cache (C:\Users\pccom\.gradle\caches\journal-1)" [_thread_blocked, id=1644, stack(0x000000001bb40000,0x000000001bc40000)]
  0x0000000018444800 JavaThread "File lock request listener" [_thread_in_native, id=11620, stack(0x000000001ba40000,0x000000001bb40000)]
  0x0000000018447800 JavaThread "Cache worker for file hash cache (C:\Users\pccom\.gradle\caches\5.6.4\fileHashes)" [_thread_blocked, id=12840, stack(0x000000001b940000,0x000000001ba40000)]
  0x0000000019768800 JavaThread "Daemon periodic checks" [_thread_blocked, id=11328, stack(0x000000001ad40000,0x000000001ae40000)]
  0x0000000019770800 JavaThread "Incoming local TCP Connector on port 57389" [_thread_in_native, id=5684, stack(0x000000001aad0000,0x000000001abd0000)]
  0x0000000017d5b000 JavaThread "Daemon health stats" [_thread_blocked, id=8928, stack(0x000000001a490000,0x000000001a590000)]
  0x0000000015dde800 JavaThread "Service Thread" daemon [_thread_blocked, id=7132, stack(0x0000000017af0000,0x0000000017bf0000)]
  0x0000000015d8a800 JavaThread "C1 CompilerThread2" daemon [_thread_blocked, id=4928, stack(0x00000000175f0000,0x00000000176f0000)]
=>0x0000000015d84800 JavaThread "C2 CompilerThread1" daemon [_thread_in_native, id=14840, stack(0x00000000174f0000,0x00000000175f0000)]
  0x0000000015d7c000 JavaThread "C2 CompilerThread0" daemon [_thread_in_native, id=14296, stack(0x00000000173f0000,0x00000000174f0000)]
  0x0000000015d7a800 JavaThread "Attach Listener" daemon [_thread_blocked, id=4556, stack(0x00000000172f0000,0x00000000173f0000)]
  0x0000000015d79800 JavaThread "Signal Dispatcher" daemon [_thread_blocked, id=11444, stack(0x00000000171f0000,0x00000000172f0000)]
  0x000000000240b800 JavaThread "Finalizer" daemon [_thread_blocked, id=6484, stack(0x0000000016fd0000,0x00000000170d0000)]
  0x0000000015d69000 JavaThread "Reference Handler" daemon [_thread_blocked, id=8532, stack(0x0000000016ed0000,0x0000000016fd0000)]
  0x0000000002312800 JavaThread "main" [_thread_blocked, id=15348, stack(0x0000000002210000,0x0000000002310000)]

Other Threads:
  0x0000000015d46800 VMThread [stack: 0x0000000016dd0000,0x0000000016ed0000] [id=9972]
  0x0000000017720800 WatcherThread [stack: 0x0000000017bf0000,0x0000000017cf0000] [id=3444]

VM state:not at safepoint (normal execution)

VM Mutex/Monitor currently owned by a thread: None

OutOfMemory and StackOverflow Exception counts:
OutOfMemoryError java_heap_errors=1

heap address: 0x00000000a0000000, size: 1536 MB, Compressed Oops mode: 32-bit
Narrow klass base: 0x0000000000000000, Narrow klass shift: 3
Compressed class space size: 1073741824 Address: 0x0000000100000000

Heap:
 PSYoungGen      total 446976K, used 131661K [0x00000000e0000000, 0x0000000100000000, 0x0000000100000000)
  eden space 380928K, 19% used [0x00000000e0000000,0x00000000e4895300,0x00000000f7400000)
  from space 66048K, 86% used [0x00000000fbf80000,0x00000000ff77e1d0,0x0000000100000000)
  to   space 71680K, 0% used [0x00000000f7400000,0x00000000f7400000,0x00000000fba00000)
 ParOldGen       total 212480K, used 110222K [0x00000000a0000000, 0x00000000acf80000, 0x00000000e0000000)
  object space 212480K, 51% used [0x00000000a0000000,0x00000000a6ba39f8,0x00000000acf80000)
 Metaspace       used 147024K, capacity 157356K, committed 157568K, reserved 1185792K
  class space    used 18955K, capacity 21061K, committed 21120K, reserved 1048576K

Card table byte_map: [0x00000000117d0000,0x0000000011ae0000] byte_map_base: 0x00000000112d0000

Marking Bits: (ParMarkBitMap*) 0x000000005b669f30
 Begin Bits: [0x00000000120e0000, 0x00000000138e0000)
 End Bits:   [0x00000000138e0000, 0x00000000150e0000)

Polling page: 0x0000000000970000

CodeCache: size=245760Kb used=92628Kb max_used=92628Kb free=153131Kb
 bounds [0x0000000002410000, 0x0000000007f10000, 0x0000000011410000]
 total_blobs=26841 nmethods=25899 adapters=853
 compilation: enabled

Compilation events (10 events):
Event: 4591.677 Thread 0x0000000015d8a800 32763       2       com.android.tools.r8.B.a.a.h::a (14 bytes)
Event: 4591.677 Thread 0x0000000015d8a800 nmethod 32763 0x0000000007ee1550 code [0x0000000007ee16c0, 0x0000000007ee1848]
Event: 4591.681 Thread 0x0000000015d8a800 32764       3       com.android.tools.r8.u.c.N::a (278 bytes)
Event: 4591.682 Thread 0x0000000015d8a800 nmethod 32764 0x0000000007edf8d0 code [0x0000000007edfbc0, 0x0000000007ee0ba8]
Event: 4591.690 Thread 0x0000000015d8a800 32765       2       com.google.common.util.concurrent.TrustedListenableFutureTask$TrustedFutureInterruptibleTask::<init> (21 bytes)
Event: 4591.690 Thread 0x0000000015d8a800 nmethod 32765 0x0000000007edf410 code [0x0000000007edf580, 0x0000000007edf7a8]
Event: 4591.690 Thread 0x0000000015d8a800 32766       2       com.google.common.util.concurrent.InterruptibleTask::<init> (5 bytes)
Event: 4591.690 Thread 0x0000000015d8a800 nmethod 32766 0x0000000007efcbd0 code [0x0000000007efcd20, 0x0000000007efce70]
Event: 4591.691 Thread 0x0000000015d8a800 32767       2       com.android.tools.r8.u.b.c0::F (2 bytes)
Event: 4591.692 Thread 0x0000000015d8a800 nmethod 32767 0x0000000007efcf10 code [0x0000000007efd060, 0x0000000007efd1b0]

GC Heap History (10 events):
Event: 2941.968 GC heap before
{Heap before GC invocations=36 (full 4):
 PSYoungGen      total 456192K, used 455804K [0x00000000e0000000, 0x0000000100000000, 0x0000000100000000)
  eden space 414208K, 100% used [0x00000000e0000000,0x00000000f9480000,0x00000000f9480000)
  from space 41984K, 99% used [0x00000000f9480000,0x00000000fbd1f0b0,0x00000000fbd80000)
  to   space 56832K, 0% used [0x00000000fc880000,0x00000000fc880000,0x0000000100000000)
 ParOldGen       total 212480K, used 110182K [0x00000000a0000000, 0x00000000acf80000, 0x00000000e0000000)
  object space 212480K, 51% used [0x00000000a0000000,0x00000000a6b999f8,0x00000000acf80000)
 Metaspace       used 130314K, capacity 137554K, committed 137600K, reserved 1169408K
  class space    used 16784K, capacity 18292K, committed 18304K, reserved 1048576K
Event: 2942.008 GC heap after
Heap after GC invocations=36 (full 4):
 PSYoungGen      total 462336K, used 42784K [0x00000000e0000000, 0x0000000100000000, 0x0000000100000000)
  eden space 405504K, 0% used [0x00000000e0000000,0x00000000e0000000,0x00000000f8c00000)
  from space 56832K, 75% used [0x00000000fc880000,0x00000000ff248230,0x0000000100000000)
  to   space 59392K, 0% used [0x00000000f8c00000,0x00000000f8c00000,0x00000000fc600000)
 ParOldGen       total 212480K, used 110190K [0x00000000a0000000, 0x00000000acf80000, 0x00000000e0000000)
  object space 212480K, 51% used [0x00000000a0000000,0x00000000a6b9b9f8,0x00000000acf80000)
 Metaspace       used 130314K, capacity 137554K, committed 137600K, reserved 1169408K
  class space    used 16784K, capacity 18292K, committed 18304K, reserved 1048576K
}
Event: 4452.457 GC heap before
{Heap before GC invocations=37 (full 4):
 PSYoungGen      total 462336K, used 448288K [0x00000000e0000000, 0x0000000100000000, 0x0000000100000000)
  eden space 405504K, 100% used [0x00000000e0000000,0x00000000f8c00000,0x00000000f8c00000)
  from space 56832K, 75% used [0x00000000fc880000,0x00000000ff248230,0x0000000100000000)
  to   space 59392K, 0% used [0x00000000f8c00000,0x00000000f8c00000,0x00000000fc600000)
 ParOldGen       total 212480K, used 110190K [0x00000000a0000000, 0x00000000acf80000, 0x00000000e0000000)
  object space 212480K, 51% used [0x00000000a0000000,0x00000000a6b9b9f8,0x00000000acf80000)
 Metaspace       used 133820K, capacity 142184K, committed 142464K, reserved 1173504K
  class space    used 17192K, capacity 18963K, committed 19072K, reserved 1048576K
Event: 4452.548 GC heap after
Heap after GC invocations=37 (full 4):
 PSYoungGen      total 464896K, used 37843K [0x00000000e0000000, 0x0000000100000000, 0x0000000100000000)
  eden space 405504K, 0% used [0x00000000e0000000,0x00000000e0000000,0x00000000f8c00000)
  from space 59392K, 63% used [0x00000000f8c00000,0x00000000fb0f4c00,0x00000000fc600000)
  to   space 59392K, 0% used [0x00000000fc600000,0x00000000fc600000,0x0000000100000000)
 ParOldGen       total 212480K, used 110198K [0x00000000a0000000, 0x00000000acf80000, 0x00000000e0000000)
  object space 212480K, 51% used [0x00000000a0000000,0x00000000a6b9d9f8,0x00000000acf80000)
 Metaspace       used 133820K, capacity 142184K, committed 142464K, reserved 1173504K
  class space    used 17192K, capacity 18963K, committed 19072K, reserved 1048576K
}
Event: 4553.989 GC heap before
{Heap before GC invocations=38 (full 4):
 PSYoungGen      total 464896K, used 443347K [0x00000000e0000000, 0x0000000100000000, 0x0000000100000000)
  eden space 405504K, 100% used [0x00000000e0000000,0x00000000f8c00000,0x00000000f8c00000)
  from space 59392K, 63% used [0x00000000f8c00000,0x00000000fb0f4c00,0x00000000fc600000)
  to   space 59392K, 0% used [0x00000000fc600000,0x00000000fc600000,0x0000000100000000)
 ParOldGen       total 212480K, used 110198K [0x00000000a0000000, 0x00000000acf80000, 0x00000000e0000000)
  object space 212480K, 51% used [0x00000000a0000000,0x00000000a6b9d9f8,0x00000000acf80000)
 Metaspace       used 137106K, capacity 146254K, committed 146304K, reserved 1175552K
  class space    used 17630K, capacity 19584K, committed 19584K, reserved 1048576K
Event: 4554.162 GC heap after
Heap after GC invocations=38 (full 4):
 PSYoungGen      total 459776K, used 45337K [0x00000000e0000000, 0x0000000100000000, 0x0000000100000000)
  eden space 400384K, 0% used [0x00000000e0000000,0x00000000e0000000,0x00000000f8700000)
  from space 59392K, 76% used [0x00000000fc600000,0x00000000ff246638,0x0000000100000000)
  to   space 61952K, 0% used [0x00000000f8700000,0x00000000f8700000,0x00000000fc380000)
 ParOldGen       total 212480K, used 110206K [0x00000000a0000000, 0x00000000acf80000, 0x00000000e0000000)
  object space 212480K, 51% used [0x00000000a0000000,0x00000000a6b9f9f8,0x00000000acf80000)
 Metaspace       used 137106K, capacity 146254K, committed 146304K, reserved 1175552K
  class space    used 17630K, capacity 19584K, committed 19584K, reserved 1048576K
}
Event: 4586.449 GC heap before
{Heap before GC invocations=39 (full 4):
 PSYoungGen      total 459776K, used 445721K [0x00000000e0000000, 0x0000000100000000, 0x0000000100000000)
  eden space 400384K, 100% used [0x00000000e0000000,0x00000000f8700000,0x00000000f8700000)
  from space 59392K, 76% used [0x00000000fc600000,0x00000000ff246638,0x0000000100000000)
  to   space 61952K, 0% used [0x00000000f8700000,0x00000000f8700000,0x00000000fc380000)
 ParOldGen       total 212480K, used 110206K [0x00000000a0000000, 0x00000000acf80000, 0x00000000e0000000)
  object space 212480K, 51% used [0x00000000a0000000,0x00000000a6b9f9f8,0x00000000acf80000)
 Metaspace       used 138725K, capacity 148022K, committed 148096K, reserved 1177600K
  class space    used 17828K, capacity 19806K, committed 19840K, reserved 1048576K
Event: 4586.523 GC heap after
Heap after GC invocations=39 (full 4):
 PSYoungGen      total 452608K, used 52048K [0x00000000e0000000, 0x0000000100000000, 0x0000000100000000)
  eden space 400384K, 0% used [0x00000000e0000000,0x00000000e0000000,0x00000000f8700000)
  from space 52224K, 99% used [0x00000000f8700000,0x00000000fb9d4318,0x00000000fba00000)
  to   space 66048K, 0% used [0x00000000fbf80000,0x00000000fbf80000,0x0000000100000000)
 ParOldGen       total 212480K, used 110214K [0x00000000a0000000, 0x00000000acf80000, 0x00000000e0000000)
  object space 212480K, 51% used [0x00000000a0000000,0x00000000a6ba19f8,0x00000000acf80000)
 Metaspace       used 138725K, capacity 148022K, committed 148096K, reserved 1177600K
  class space    used 17828K, capacity 19806K, committed 19840K, reserved 1048576K
}
Event: 4591.275 GC heap before
{Heap before GC invocations=40 (full 4):
 PSYoungGen      total 452608K, used 452432K [0x00000000e0000000, 0x0000000100000000, 0x0000000100000000)
  eden space 400384K, 100% used [0x00000000e0000000,0x00000000f8700000,0x00000000f8700000)
  from space 52224K, 99% used [0x00000000f8700000,0x00000000fb9d4318,0x00000000fba00000)
  to   space 66048K, 0% used [0x00000000fbf80000,0x00000000fbf80000,0x0000000100000000)
 ParOldGen       total 212480K, used 110214K [0x00000000a0000000, 0x00000000acf80000, 0x00000000e0000000)
  object space 212480K, 51% used [0x00000000a0000000,0x00000000a6ba19f8,0x00000000acf80000)
 Metaspace       used 146979K, capacity 157292K, committed 157568K, reserved 1185792K
  class space    used 18955K, capacity 21061K, committed 21120K, reserved 1048576K
Event: 4591.473 GC heap after
Heap after GC invocations=40 (full 4):
 PSYoungGen      total 446976K, used 57336K [0x00000000e0000000, 0x0000000100000000, 0x0000000100000000)
  eden space 380928K, 0% used [0x00000000e0000000,0x00000000e0000000,0x00000000f7400000)
  from space 66048K, 86% used [0x00000000fbf80000,0x00000000ff77e1d0,0x0000000100000000)
  to   space 71680K, 0% used [0x00000000f7400000,0x00000000f7400000,0x00000000fba00000)
 ParOldGen       total 212480K, used 110222K [0x00000000a0000000, 0x00000000acf80000, 0x00000000e0000000)
  object space 212480K, 51% used [0x00000000a0000000,0x00000000a6ba39f8,0x00000000acf80000)
 Metaspace       used 146979K, capacity 157292K, committed 157568K, reserved 1185792K
  class space    used 18955K, capacity 21061K, committed 21120K, reserved 1048576K
}

Deoptimization events (10 events):
Event: 4590.572 Thread 0x0000000018c17800 Uncommon trap: reason=class_check action=maybe_recompile pc=0x0000000007788720 method=com.android.tools.build.apkzlib.zip.CentralDirectoryHeader.getCompressionInfoWithWait()Lcom/android/tools/build/apkzlib/zip/CentralDirectoryHeaderCompressInfo; @ 4
Event: 4590.746 Thread 0x000000001d1d0800 Uncommon trap: reason=class_check action=maybe_recompile pc=0x0000000007ddcf58 method=com.android.tools.r8.u.c.o.a(Lcom/android/tools/r8/u/c/M;IZ)V @ 526
Event: 4590.772 Thread 0x000000001d1dc800 Uncommon trap: reason=array_check action=maybe_recompile pc=0x0000000006c6b028 method=java.util.TimSort.mergeLo(IIII)V @ 212
Event: 4590.772 Thread 0x000000001d1dc800 Uncommon trap: reason=array_check action=maybe_recompile pc=0x00000000047e4a8c method=java.util.TimSort.mergeHi(IIII)V @ 250
Event: 4590.772 Thread 0x000000001d1dc800 Uncommon trap: reason=array_check action=maybe_recompile pc=0x0000000006c6b028 method=java.util.TimSort.mergeLo(IIII)V @ 212
Event: 4590.900 Thread 0x000000001d1d0800 Uncommon trap: reason=class_check action=maybe_recompile pc=0x0000000007bf25b0 method=com.android.tools.r8.ir.optimize.h.i(Lcom/android/tools/r8/u/b/T;)V @ 420
Event: 4590.932 Thread 0x000000001d1d0800 Uncommon trap: reason=class_check action=maybe_recompile pc=0x0000000007b7e9c4 method=com.android.tools.r8.ir.optimize.h.c(Lcom/android/tools/r8/u/b/d0;)Z @ 209
Event: 4591.565 Thread 0x000000001d1d0800 Uncommon trap: reason=unstable_if action=reinterpret pc=0x00000000025a2ad8 method=com.android.tools.r8.v.a.a.a.f.c0.get(I)Ljava/lang/Object; @ 85
Event: 4591.565 Thread 0x000000001d1d0800 Uncommon trap: reason=unstable_if action=reinterpret pc=0x0000000007b9ea54 method=com.android.tools.r8.v.a.a.a.f.c0.get(I)Ljava/lang/Object; @ 85
Event: 4591.664 Thread 0x0000000018c0d800 Uncommon trap: reason=class_check action=maybe_recompile pc=0x0000000007ddcf58 method=com.android.tools.r8.u.c.o.a(Lcom/android/tools/r8/u/c/M;IZ)V @ 526

Classes redefined (0 events):
No events

Internal exceptions (10 events):
Event: 4589.326 Thread 0x000000001d1d0800 Exception <a 'sun/nio/fs/WindowsException'> (0x00000000e70915c8) thrown at [D:\src\AOSP-openjdk-cygwin\jdk8u\hotspot\src\share\vm\prims\jni.cpp, line 710]
Event: 4589.391 Thread 0x000000001d1d0800 Exception <a 'sun/nio/fs/WindowsException'> (0x00000000e81ff428) thrown at [D:\src\AOSP-openjdk-cygwin\jdk8u\hotspot\src\share\vm\prims\jni.cpp, line 710]
Event: 4589.544 Thread 0x0000000018c17800 Implicit null exception at 0x000000000777c52a to 0x000000000777c579
Event: 4589.544 Thread 0x0000000018c17800 Implicit null exception at 0x000000000695c0b0 to 0x000000000695c0c0
Event: 4589.554 Thread 0x0000000018c0d800 Exception <a 'sun/nio/fs/WindowsException'> (0x00000000e94306d8) thrown at [D:\src\AOSP-openjdk-cygwin\jdk8u\hotspot\src\share\vm\prims\jni.cpp, line 710]
Event: 4589.829 Thread 0x0000000018c0d800 Exception <a 'sun/nio/fs/WindowsException'> (0x00000000ec5e2bb8) thrown at [D:\src\AOSP-openjdk-cygwin\jdk8u\hotspot\src\share\vm\prims\jni.cpp, line 710]
Event: 4590.176 Thread 0x000000001d1dc800 Exception <a 'sun/nio/fs/WindowsException'> (0x00000000eef43b40) thrown at [D:\src\AOSP-openjdk-cygwin\jdk8u\hotspot\src\share\vm\prims\jni.cpp, line 710]
Event: 4590.473 Thread 0x000000001d1dc800 Exception <a 'sun/nio/fs/WindowsException'> (0x00000000eef96e28) thrown at [D:\src\AOSP-openjdk-cygwin\jdk8u\hotspot\src\share\vm\prims\jni.cpp, line 710]
Event: 4590.814 Thread 0x000000001d1dc800 Exception <a 'sun/nio/fs/WindowsException'> (0x00000000f3685468) thrown at [D:\src\AOSP-openjdk-cygwin\jdk8u\hotspot\src\share\vm\prims\jni.cpp, line 710]
Event: 4591.704 Thread 0x000000001d1dc800 Exception <a 'java/lang/OutOfMemoryError'> (0x00000000e34538c0) thrown at [D:\src\AOSP-openjdk-cygwin\jdk8u\hotspot\src\share\vm\prims\jni.cpp, line 736]

Events (10 events):
Event: 4591.565 Thread 0x000000001d1d0800 Uncommon trap: trap_request=0xffffff65 fr.pc=0x0000000007b9ea54
Event: 4591.565 Thread 0x000000001d1d0800 DEOPT PACKING pc=0x0000000007b9ea54 sp=0x000000001b338d70
Event: 4591.565 Thread 0x000000001d1d0800 DEOPT UNPACKING pc=0x000000000245557b sp=0x000000001b338ca0 mode 2
Event: 4591.664 Thread 0x0000000018c0d800 Uncommon trap: trap_request=0xffffffde fr.pc=0x0000000007ddcf58
Event: 4591.664 Thread 0x0000000018c0d800 DEOPT PACKING pc=0x0000000007ddcf58 sp=0x00000000336bbbf0
Event: 4591.664 Thread 0x0000000018c0d800 DEOPT UNPACKING pc=0x000000000245557b sp=0x00000000336bbc18 mode 2
Event: 4591.675 loading class com/google/common/hash/Hashing$Sha1Holder
Event: 4591.675 loading class com/google/common/hash/Hashing$Sha1Holder done
Event: 4591.681 Thread 0x000000001d1d0800 DEOPT PACKING pc=0x0000000007cbbc6f sp=0x000000001b339a10
Event: 4591.681 Thread 0x000000001d1d0800 DEOPT UNPACKING pc=0x00000000024575d0 sp=0x000000001b3397c0 mode 0


Dynamic libraries:
0x00007ff6a5a70000 - 0x00007ff6a5aa1000 	C:\Program Files\Android\Android Studio\jre\bin\java.exe
0x00007ffa11f80000 - 0x00007ffa12170000 	C:\WINDOWS\SYSTEM32\ntdll.dll
0x00007ffa11e80000 - 0x00007ffa11f32000 	C:\WINDOWS\System32\KERNEL32.DLL
0x00007ffa0fd80000 - 0x00007ffa10023000 	C:\WINDOWS\System32\KERNELBASE.dll
0x00007ffa10a00000 - 0x00007ffa10aa3000 	C:\WINDOWS\System32\ADVAPI32.dll
0x00007ffa11310000 - 0x00007ffa113ae000 	C:\WINDOWS\System32\msvcrt.dll
0x00007ffa10850000 - 0x00007ffa108e7000 	C:\WINDOWS\System32\sechost.dll
0x00007ffa11510000 - 0x00007ffa11630000 	C:\WINDOWS\System32\RPCRT4.dll
0x00007ffa11630000 - 0x00007ffa117c4000 	C:\WINDOWS\System32\USER32.dll
0x00007ffa0f1b0000 - 0x00007ffa0f1d1000 	C:\WINDOWS\System32\win32u.dll
0x00007ffa11270000 - 0x00007ffa11296000 	C:\WINDOWS\System32\GDI32.dll
0x00007ffa0ef10000 - 0x00007ffa0f0a4000 	C:\WINDOWS\System32\gdi32full.dll
0x00007ffa0fb60000 - 0x00007ffa0fbfe000 	C:\WINDOWS\System32\msvcp_win.dll
0x00007ffa0fc80000 - 0x00007ffa0fd7a000 	C:\WINDOWS\System32\ucrtbase.dll
0x00007ff9fed60000 - 0x00007ff9fefe5000 	C:\WINDOWS\WinSxS\amd64_microsoft.windows.common-controls_6595b64144ccf1df_6.0.18362.778_none_e6c6b761130d4fb8\COMCTL32.dll
0x00007ffa11ac0000 - 0x00007ffa11df6000 	C:\WINDOWS\System32\combase.dll
0x00007ffa0fc00000 - 0x00007ffa0fc80000 	C:\WINDOWS\System32\bcryptPrimitives.dll
0x00007ffa10030000 - 0x00007ffa1005e000 	C:\WINDOWS\System32\IMM32.DLL
0x000000005bbb0000 - 0x000000005bc82000 	C:\Program Files\Android\Android Studio\jre\jre\bin\msvcr100.dll
0x000000005aea0000 - 0x000000005b6e6000 	C:\Program Files\Android\Android Studio\jre\jre\bin\server\jvm.dll
0x00007ffa101a0000 - 0x00007ffa101a8000 	C:\WINDOWS\System32\PSAPI.DLL
0x00007ffa0d9a0000 - 0x00007ffa0d9a9000 	C:\WINDOWS\SYSTEM32\WSOCK32.dll
0x00007ffa0ca40000 - 0x00007ffa0ca64000 	C:\WINDOWS\SYSTEM32\WINMM.dll
0x00007ffa112a0000 - 0x00007ffa1130f000 	C:\WINDOWS\System32\WS2_32.dll
0x00007ffa07d50000 - 0x00007ffa07d5a000 	C:\WINDOWS\SYSTEM32\VERSION.dll
0x00007ffa0ca10000 - 0x00007ffa0ca3d000 	C:\WINDOWS\SYSTEM32\WINMMBASE.dll
0x00007ffa0f0b0000 - 0x00007ffa0f0fa000 	C:\WINDOWS\System32\cfgmgr32.dll
0x00007ffa08bb0000 - 0x00007ffa08bbf000 	C:\Program Files\Android\Android Studio\jre\jre\bin\verify.dll
0x00007ff9f9750000 - 0x00007ff9f9779000 	C:\Program Files\Android\Android Studio\jre\jre\bin\java.dll
0x00007ffa07030000 - 0x00007ffa07046000 	C:\Program Files\Android\Android Studio\jre\jre\bin\zip.dll
0x00007ffa10ab0000 - 0x00007ffa11195000 	C:\WINDOWS\System32\SHELL32.dll
0x00007ffa10950000 - 0x00007ffa109f9000 	C:\WINDOWS\System32\shcore.dll
0x00007ffa0f330000 - 0x00007ffa0fab0000 	C:\WINDOWS\System32\windows.storage.dll
0x00007ffa0eee0000 - 0x00007ffa0ef03000 	C:\WINDOWS\System32\profapi.dll
0x00007ffa0ee90000 - 0x00007ffa0eeda000 	C:\WINDOWS\System32\powrprof.dll
0x00007ffa0ee40000 - 0x00007ffa0ee50000 	C:\WINDOWS\System32\UMPDC.dll
0x00007ffa10130000 - 0x00007ffa10182000 	C:\WINDOWS\System32\shlwapi.dll
0x00007ffa0ee70000 - 0x00007ffa0ee81000 	C:\WINDOWS\System32\kernel.appcore.dll
0x00007ffa0f190000 - 0x00007ffa0f1a7000 	C:\WINDOWS\System32\cryptsp.dll
0x00007ff9fe7d0000 - 0x00007ff9fe7ea000 	C:\Program Files\Android\Android Studio\jre\jre\bin\net.dll
0x00007ffa03dd0000 - 0x00007ffa03fa5000 	C:\WINDOWS\SYSTEM32\urlmon.dll
0x00007ffa03fb0000 - 0x00007ffa04256000 	C:\WINDOWS\SYSTEM32\iertutil.dll
0x00007ffa0e880000 - 0x00007ffa0e88c000 	C:\WINDOWS\SYSTEM32\CRYPTBASE.DLL
0x00007ffa0e6b0000 - 0x00007ffa0e717000 	C:\WINDOWS\system32\mswsock.dll
0x00007ff9fdeb0000 - 0x00007ff9fdec3000 	C:\Program Files\Android\Android Studio\jre\jre\bin\nio.dll
0x00007ff9eac90000 - 0x00007ff9eacb6000 	C:\Users\pccom\.gradle\native\30\windows-amd64\native-platform.dll
0x00007ffa080d0000 - 0x00007ffa080dd000 	C:\Program Files\Android\Android Studio\jre\jre\bin\management.dll
0x00007ffa0e1c0000 - 0x00007ffa0e1f3000 	C:\WINDOWS\system32\rsaenh.dll
0x00007ffa0f160000 - 0x00007ffa0f186000 	C:\WINDOWS\System32\bcrypt.dll
0x00007ffa0ed30000 - 0x00007ffa0ed55000 	C:\WINDOWS\SYSTEM32\USERENV.dll
0x00007ffa0e3c0000 - 0x00007ffa0e3fa000 	C:\WINDOWS\SYSTEM32\IPHLPAPI.DLL
0x00007ffa11a30000 - 0x00007ffa11a38000 	C:\WINDOWS\System32\NSI.dll
0x00007ffa088f0000 - 0x00007ffa08906000 	C:\WINDOWS\SYSTEM32\dhcpcsvc6.DLL
0x00007ffa088d0000 - 0x00007ffa088ec000 	C:\WINDOWS\SYSTEM32\dhcpcsvc.DLL
0x00007ffa0e400000 - 0x00007ffa0e4ca000 	C:\WINDOWS\SYSTEM32\DNSAPI.dll
0x00007ff9f9620000 - 0x00007ff9f9644000 	C:\Program Files\Android\Android Studio\jre\jre\bin\sunec.dll
0x00007ffa0adf0000 - 0x00007ffa0adfa000 	C:\Windows\System32\rasadhlp.dll
0x00007ffa08ec0000 - 0x00007ffa08f37000 	C:\WINDOWS\System32\fwpuclnt.dll
0x00007ffa06c20000 - 0x00007ffa06c2b000 	C:\Program Files\Android\Android Studio\jre\jre\bin\sunmscapi.dll
0x00007ffa0f1e0000 - 0x00007ffa0f329000 	C:\WINDOWS\System32\CRYPT32.dll
0x00007ffa0ee50000 - 0x00007ffa0ee62000 	C:\WINDOWS\System32\MSASN1.dll
0x00007ffa0de70000 - 0x00007ffa0dea1000 	C:\WINDOWS\SYSTEM32\ntmarta.dll

VM Arguments:
jvm_args: -Xmx1536m -Dfile.encoding=windows-1252 -Duser.country=ES -Duser.language=es -Duser.variant 
java_command: org.gradle.launcher.daemon.bootstrap.GradleDaemon 5.6.4
java_class_path (initial): C:\Users\pccom\.gradle\wrapper\dists\gradle-5.6.4-all\ankdp27end7byghfw1q2sw75f\gradle-5.6.4\lib\gradle-launcher-5.6.4.jar
Launcher Type: SUN_STANDARD

Environment Variables:
PATH=C:\app\pccom\product\18.0.0\dbhomeXE\bin;C:\Program Files\Java\jdk1.8.0_181\bin;C:\DevSuiteHome_1\jdk\jre\bin\classic;C:\DevSuiteHome_1\jdk\jre\bin;C:\DevSuiteHome_1\jdk\jre\bin\client;C:\DevSuiteHome_1\jlib;C:\DevSuiteHome_1\bin;C:\DevSuiteHome_1\jre\1.4.2\bin\client;C:\DevSuiteHome_1\jre\1.4.2\bin;C:\OraHome_2\jre\1.4.2\bin\client;C:\OraHome_2\jre\1.4.2\bin;C:\OraHome_1\jre\1.4.2\bin\client;C:\OraHome_1\jre\1.4.2\bin;C:\Program Files (x86)\Common Files\Oracle\Java\javapath;C:\ProgramData\Oracle\Java\javapath;C:\Windows\system32;C:\Windows;C:\Windows\System32\Wbem;C:\Windows\System32\WindowsPowerShell\v1.0\;C:\Program Files (x86)\NVIDIA Corporation\PhysX\Common;C:\WINDOWS\system32;C:\WINDOWS;C:\WINDOWS\System32\Wbem;C:\WINDOWS\System32\WindowsPowerShell\v1.0\;C:\WINDOWS\System32\OpenSSH\;C:\Program Files\AutoFirma\AutoFirma;C:\Program Files\Microsoft SQL Server\130\Tools\Binn\;C:\Program Files\Microsoft SQL Server\Client SDK\ODBC\170\Tools\Binn\;C:\Program Files\dotnet\;C:\Program Files\Git\cmd;C:\Users\pccom\AppData\Local\Programs\Python\Python37;C:\Users\pccom\AppData\Local\Programs\Python\Python37\Scripts;C:\Users\pccom\AppData\Local\Microsoft\WindowsApps;C:\Users\pccom\.dotnet\tools;C:\Users\pccom\AppData\Local\Programs\Microsoft VS Code\bin;C:\Program Files\heroku\bin;
USERNAME=pccom
OS=Windows_NT
PROCESSOR_IDENTIFIER=Intel64 Family 6 Model 94 Stepping 3, GenuineIntel



---------------  S Y S T E M  ---------------

OS: Windows 10.0 , 64 bit Build 18362 (10.0.18362.778)

CPU:total 4 (initial active 4) (4 cores per cpu, 1 threads per core) family 6 model 94 stepping 3, cmov, cx8, fxsr, mmx, sse, sse2, sse3, ssse3, sse4.1, sse4.2, popcnt, avx, avx2, aes, clmul, erms, rtm, 3dnowpref, lzcnt, tsc, tscinvbit, bmi1, bmi2, adx

Memory: 4k page, physical 8282212k(941224k free), swap 10125412k(6332k free)

vm_info: OpenJDK 64-Bit Server VM (25.212-b04) for windows-amd64 JRE (1.8.0_212-release-1586-b04), built by "builder" with MS VC++ 10.0 (VS2010)

time: Tue May 12 19:57:03 2020
timezone: Hora de verano romance
elapsed time: 4591 seconds (0d 1h 16m 31s)

